Arguments: 
  C:\Program Files\nodejs\node.exe C:\Users\Luiz Vinicios\AppData\Roaming\npm\node_modules\yarn\bin\yarn.js install

PATH: 
  C:\Program Files\Microsoft\jdk-11.0.12.7-hotspot\bin;C:\Windows\system32;C:\Windows;C:\Windows\System32\Wbem;C:\Windows\System32\WindowsPowerShell\v1.0\;C:\Windows\System32\OpenSSH\;C:\Program Files\Microsoft SQL Server\150\Tools\Binn\;C:\Program Files\Microsoft SQL Server\Client SDK\ODBC\170\Tools\Binn\;C:\Program Files\dotnet\;C:\Program Files\nodejs\;C:\Users\Luiz Vinicios\AppData\Local\Programs\Python\Python311\Scripts\;C:\Users\Luiz Vinicios\AppData\Local\Programs\Python\Python311\;C:\Users\Luiz Vinicios\AppData\Local\Programs\Python\Launcher\;C:\Program Files\MySQL\MySQL Shell 8.0\bin\;C:\Users\Luiz Vinicios\AppData\Local\Microsoft\WindowsApps;C:\Users\Luiz Vinicios\AppData\Local\Programs\MiKTeX\miktex\bin\x64\;C:\Users\Luiz Vinicios\.dotnet\tools;C:\Program Files\JetBrains\PyCharm Community Edition 2022.3.3\bin;;C:\Users\Luiz Vinicios\AppData\Local\Programs\Microsoft VS Code\bin;C:\Users\Luiz Vinicios\AppData\Roaming\npm

Yarn version: 
  1.22.19

Node version: 
  18.16.0

Platform: 
  win32 x64

Trace: 
  Error: ENOENT: no such file or directory, open 'C:\Users\Luiz Vinicios\AppData\Local\Yarn\Cache\v6\npm-expo-48.0.19-0f13be65d3cac99922666e5939388fc22b147e6a-integrity\node_modules\expo\.yarn-tarball.tgz'

npm manifest: 
  {
    "name": "meuapp",
    "version": "1.0.0",
    "main": "node_modules/expo/AppEntry.js",
    "scripts": {
      "start": "expo start",
      "android": "expo start --android",
      "ios": "expo start --ios",
      "web": "expo start --web"
    },
    "dependencies": {
      "expo": "~48.0.18",
      "expo-status-bar": "~1.4.4",
      "react": "18.2.0",
      "react-native": "0.71.8"
    },
    "devDependencies": {
      "@babel/core": "^7.20.0"
    },
    "private": true
  }

yarn manifest: 
  No manifest

Lockfile: 
  No lockfile
